This is pdfTeX, Version 3.141592653-2.6-1.40.23 (TeX Live 2021/W32TeX) (preloaded format=pdflatex 2022.3.4)  16 MAR 2022 13:37
entering extended mode
 restricted \write18 enabled.
 %&-line parsing enabled.
**Theory.tex
(./Theory.tex
LaTeX2e <2021-11-15> patch level 1
L3 programming layer <2022-02-24> (c:/Users/annar/AppData/Roaming/TinyTeX/texmf-dist/tex/latex/base/article.cls
Document Class: article 2021/10/04 v1.4n Standard LaTeX document class
(c:/Users/annar/AppData/Roaming/TinyTeX/texmf-dist/tex/latex/base/size10.clo
File: size10.clo 2021/10/04 v1.4n Standard LaTeX file (size option)
)
\c@part=\count185
\c@section=\count186
\c@subsection=\count187
\c@subsubsection=\count188
\c@paragraph=\count189
\c@subparagraph=\count190
\c@figure=\count191
\c@table=\count192
\abovecaptionskip=\skip47
\belowcaptionskip=\skip48
\bibindent=\dimen138
) (c:/Users/annar/AppData/Roaming/TinyTeX/texmf-dist/tex/latex/amsmath/amsmath.sty
Package: amsmath 2021/10/15 v2.17l AMS math features
\@mathmargin=\skip49

For additional information on amsmath, use the `?' option.
(c:/Users/annar/AppData/Roaming/TinyTeX/texmf-dist/tex/latex/amsmath/amstext.sty
Package: amstext 2021/08/26 v2.01 AMS text
 (c:/Users/annar/AppData/Roaming/TinyTeX/texmf-dist/tex/latex/amsmath/amsgen.sty
File: amsgen.sty 1999/11/30 v2.0 generic functions
\@emptytoks=\toks16
\ex@=\dimen139
)) (c:/Users/annar/AppData/Roaming/TinyTeX/texmf-dist/tex/latex/amsmath/amsbsy.sty
Package: amsbsy 1999/11/29 v1.2d Bold Symbols
\pmbraise@=\dimen140
) (c:/Users/annar/AppData/Roaming/TinyTeX/texmf-dist/tex/latex/amsmath/amsopn.sty
Package: amsopn 2021/08/26 v2.02 operator names
)
\inf@bad=\count193
LaTeX Info: Redefining \frac on input line 234.
\uproot@=\count194
\leftroot@=\count195
LaTeX Info: Redefining \overline on input line 399.
\classnum@=\count196
\DOTSCASE@=\count197
LaTeX Info: Redefining \ldots on input line 496.
LaTeX Info: Redefining \dots on input line 499.
LaTeX Info: Redefining \cdots on input line 620.
\Mathstrutbox@=\box50
\strutbox@=\box51
\big@size=\dimen141
LaTeX Font Info:    Redeclaring font encoding OML on input line 743.
LaTeX Font Info:    Redeclaring font encoding OMS on input line 744.
\macc@depth=\count198
\c@MaxMatrixCols=\count199
\dotsspace@=\muskip16
\c@parentequation=\count266
\dspbrk@lvl=\count267
\tag@help=\toks17
\row@=\count268
\column@=\count269
\maxfields@=\count270
\andhelp@=\toks18
\eqnshift@=\dimen142
\alignsep@=\dimen143
\tagshift@=\dimen144
\tagwidth@=\dimen145
\totwidth@=\dimen146
\lineht@=\dimen147
\@envbody=\toks19
\multlinegap=\skip50
\multlinetaggap=\skip51
\mathdisplay@stack=\toks20
LaTeX Info: Redefining \[ on input line 2938.
LaTeX Info: Redefining \] on input line 2939.
) (c:/Users/annar/AppData/Roaming/TinyTeX/texmf-dist/tex/latex/base/inputenc.sty
Package: inputenc 2021/02/14 v1.3d Input encoding file
\inpenc@prehook=\toks21
\inpenc@posthook=\toks22
) (c:/Program Files/R/R-4.0.4/share/texmf/tex/latex/Sweave.sty
Package: Sweave 
 (c:/Users/annar/AppData/Roaming/TinyTeX/texmf-dist/tex/latex/base/ifthen.sty
Package: ifthen 2020/11/24 v1.1c Standard LaTeX ifthen package (DPC)
) (c:/Users/annar/AppData/Roaming/TinyTeX/texmf-dist/tex/latex/graphics/graphicx.sty
Package: graphicx 2021/09/16 v1.2d Enhanced LaTeX Graphics (DPC,SPQR)
 (c:/Users/annar/AppData/Roaming/TinyTeX/texmf-dist/tex/latex/graphics/keyval.sty
Package: keyval 2014/10/28 v1.15 key=value parser (DPC)
\KV@toks@=\toks23
) (c:/Users/annar/AppData/Roaming/TinyTeX/texmf-dist/tex/latex/graphics/graphics.sty
Package: graphics 2021/03/04 v1.4d Standard LaTeX Graphics (DPC,SPQR)
 (c:/Users/annar/AppData/Roaming/TinyTeX/texmf-dist/tex/latex/graphics/trig.sty
Package: trig 2021/08/11 v1.11 sin cos tan (DPC)
) (c:/Users/annar/AppData/Roaming/TinyTeX/texmf-dist/tex/latex/graphics-cfg/graphics.cfg
File: graphics.cfg 2016/06/04 v1.11 sample graphics configuration
)
Package graphics Info: Driver file: pdftex.def on input line 107.
 (c:/Users/annar/AppData/Roaming/TinyTeX/texmf-dist/tex/latex/graphics-def/pdftex.def
File: pdftex.def 2020/10/05 v1.2a Graphics/color driver for pdftex
))
\Gin@req@height=\dimen148
\Gin@req@width=\dimen149
) (c:/Users/annar/AppData/Roaming/TinyTeX/texmf-dist/tex/latex/fancyvrb/fancyvrb.sty
Package: fancyvrb 2021/12/21 4.1b verbatim text (tvz,hv)
\FV@CodeLineNo=\count271
\FV@InFile=\read2
\FV@TabBox=\box52
\c@FancyVerbLine=\count272
\FV@StepNumber=\count273
\FV@OutFile=\write3
) (c:/Users/annar/AppData/Roaming/TinyTeX/texmf-dist/tex/latex/base/textcomp.sty
Package: textcomp 2020/02/02 v2.0n Standard LaTeX package
) (c:/Users/annar/AppData/Roaming/TinyTeX/texmf-dist/tex/latex/base/fontenc.sty
Package: fontenc 2021/04/29 v2.0v Standard LaTeX package
) (c:/Users/annar/AppData/Roaming/TinyTeX/texmf-dist/tex/latex/ae/ae.sty
Package: ae 2001/02/12 1.3 Almost European Computer Modern
 (c:/Users/annar/AppData/Roaming/TinyTeX/texmf-dist/tex/latex/base/fontenc.sty
Package: fontenc 2021/04/29 v2.0v Standard LaTeX package
)))
LaTeX Font Info:    Trying to load font information for T1+aer on input line 8.
 (c:/Users/annar/AppData/Roaming/TinyTeX/texmf-dist/tex/latex/ae/t1aer.fd
File: t1aer.fd 1997/11/16 Font definitions for T1/aer.
) (c:/Users/annar/AppData/Roaming/TinyTeX/texmf-dist/tex/latex/l3backend/l3backend-pdftex.def
File: l3backend-pdftex.def 2022-02-07 L3 backend support: PDF output (pdfTeX)
\l__color_backend_stack_int=\count274
\l__pdf_internal_box=\box53
) (./Theory.aux)
\openout1 = `Theory.aux'.

LaTeX Font Info:    Checking defaults for OML/cmm/m/it on input line 8.
LaTeX Font Info:    ... okay on input line 8.
LaTeX Font Info:    Checking defaults for OMS/cmsy/m/n on input line 8.
LaTeX Font Info:    ... okay on input line 8.
LaTeX Font Info:    Checking defaults for OT1/cmr/m/n on input line 8.
LaTeX Font Info:    ... okay on input line 8.
LaTeX Font Info:    Checking defaults for T1/cmr/m/n on input line 8.
LaTeX Font Info:    ... okay on input line 8.
LaTeX Font Info:    Checking defaults for TS1/cmr/m/n on input line 8.
LaTeX Font Info:    ... okay on input line 8.
LaTeX Font Info:    Checking defaults for OMX/cmex/m/n on input line 8.
LaTeX Font Info:    ... okay on input line 8.
LaTeX Font Info:    Checking defaults for U/cmr/m/n on input line 8.
LaTeX Font Info:    ... okay on input line 8.
 (c:/Users/annar/AppData/Roaming/TinyTeX/texmf-dist/tex/latex/epstopdf-pkg/epstopdf-base.sty
Package: epstopdf-base 2020-01-24 v2.11 Base part for package epstopdf
 (c:/Users/annar/AppData/Roaming/TinyTeX/texmf-dist/tex/generic/infwarerr/infwarerr.sty
Package: infwarerr 2019/12/03 v1.5 Providing info/warning/error messages (HO)
) (c:/Users/annar/AppData/Roaming/TinyTeX/texmf-dist/tex/latex/grfext/grfext.sty
Package: grfext 2019/12/03 v1.3 Manage graphics extensions (HO)
 (c:/Users/annar/AppData/Roaming/TinyTeX/texmf-dist/tex/generic/kvdefinekeys/kvdefinekeys.sty
Package: kvdefinekeys 2019-12-19 v1.6 Define keys (HO)
)) (c:/Users/annar/AppData/Roaming/TinyTeX/texmf-dist/tex/latex/kvoptions/kvoptions.sty
Package: kvoptions 2020-10-07 v3.14 Key value format for package options (HO)
 (c:/Users/annar/AppData/Roaming/TinyTeX/texmf-dist/tex/generic/ltxcmds/ltxcmds.sty
Package: ltxcmds 2020-05-10 v1.25 LaTeX kernel commands for general use (HO)
) (c:/Users/annar/AppData/Roaming/TinyTeX/texmf-dist/tex/generic/kvsetkeys/kvsetkeys.sty
Package: kvsetkeys 2019/12/15 v1.18 Key value parser (HO)
)) (c:/Users/annar/AppData/Roaming/TinyTeX/texmf-dist/tex/generic/pdftexcmds/pdftexcmds.sty
Package: pdftexcmds 2020-06-27 v0.33 Utility functions of pdfTeX for LuaTeX (HO)
 (c:/Users/annar/AppData/Roaming/TinyTeX/texmf-dist/tex/generic/iftex/iftex.sty
Package: iftex 2022/02/03 v1.0f TeX engine tests
)
Package pdftexcmds Info: \pdf@primitive is available.
Package pdftexcmds Info: \pdf@ifprimitive is available.
Package pdftexcmds Info: \pdfdraftmode found.
)
Package epstopdf-base Info: Redefining graphics rule for `.eps' on input line 485.
Package grfext Info: Graphics extension search list:
(grfext)             [.pdf,.png,.jpg,.mps,.jpeg,.jbig2,.jb2,.PDF,.PNG,.JPG,.JPEG,.JBIG2,.JB2,.eps]
(grfext)             \AppendGraphicsExtensions on input line 504.
 (c:/Users/annar/AppData/Roaming/TinyTeX/texmf-dist/tex/latex/latexconfig/epstopdf-sys.cfg
File: epstopdf-sys.cfg 2010/07/13 v1.3 Configuration of (r)epstopdf for TeX Live
))

LaTeX Warning: No \author given.

LaTeX Font Info:    Trying to load font information for TS1+aer on input line 22.
(c:/Program Files/R/R-4.0.4/share/texmf/tex/latex/ts1aer.fd
File: ts1aer.fd 
)
LaTeX Font Info:    Font shape `TS1/aer/m/n' in size <10> not available
(Font)              Font shape `TS1/cmr/m/n' tried instead on input line 22.
 [1

{c:/Users/annar/AppData/Roaming/TinyTeX/texmf-var/fonts/map/pdftex/updmap/pdftex.map}]
Overfull \hbox (36.05241pt too wide) in alignment at lines 63--73
 [][][] []
 []

[2] [3] (./Theory.aux) ) 
Here is how much of TeX's memory you used:
 3173 strings out of 480236
 53295 string characters out of 5894215
 344325 words of memory out of 5000000
 21064 multiletter control sequences out of 15000+600000
 490460 words of font info for 69 fonts, out of 8000000 for 9000
 14 hyphenation exceptions out of 8191
 70i,13n,76p,477b,199s stack positions out of 5000i,500n,10000p,200000b,80000s
 <c:/Users/annar/AppData/Roaming/TinyTeX/texmf-var/fonts/pk/ljfour/jknappen/ec/tcrm1000.600pk><c:/Users/annar/AppData/Roaming/TinyTeX/texmf-dist/fonts/type1/public/amsfonts/cm/cmb10.pfb><c:/Users/annar/AppData/Roaming/TinyTeX/texmf-dist/fonts/type1/public/amsfonts/cm/cmex10.pfb><c:/Users/annar/AppData/Roaming/TinyTeX/texmf-dist/fonts/type1/public/amsfonts/cmextra/cmex7.pfb><c:/Users/annar/AppData/Roaming/TinyTeX/texmf-dist/fonts/type1/public/amsfonts/cm/cmmi10.pfb><c:/Users/annar/AppData/Roaming/TinyTeX/texmf-dist/fonts/type1/public/amsfonts/cm/cmmi5.pfb><c:/Users/annar/AppData/Roaming/TinyTeX/texmf-dist/fonts/type1/public/amsfonts/cm/cmmi7.pfb><c:/Users/annar/AppData/Roaming/TinyTeX/texmf-dist/fonts/type1/public/amsfonts/cm/cmr10.pfb><c:/Users/annar/AppData/Roaming/TinyTeX/texmf-dist/fonts/type1/public/amsfonts/cm/cmr12.pfb><c:/Users/annar/AppData/Roaming/TinyTeX/texmf-dist/fonts/type1/public/amsfonts/cm/cmr17.pfb><c:/Users/annar/AppData/Roaming/TinyTeX/texmf-dist/fonts/type1/public/amsfonts/cm/cmr5.pfb><c:/Users/annar/AppData/Roaming/TinyTeX/texmf-dist/fonts/type1/public/amsfonts/cm/cmr7.pfb><c:/Users/annar/AppData/Roaming/TinyTeX/texmf-dist/fonts/type1/public/amsfonts/cm/cmsy10.pfb>
Output written on Theory.pdf (3 pages, 139573 bytes).
PDF statistics:
 79 PDF objects out of 1000 (max. 8388607)
 48 compressed objects within 1 object stream
 0 named destinations out of 1000 (max. 500000)
 1 words of extra memory for PDF output out of 10000 (max. 10000000)

